0 info it worked if it ends with ok
1 verbose cli [ 'C:\\Program Files\\nodejs\\node.exe',
1 verbose cli   'C:\\Program Files\\nodejs\\node_modules\\npm\\bin\\npm-cli.js',
1 verbose cli   'init' ]
2 info using npm@1.4.28
3 info using node@v0.10.32
4 error Error: EINVAL, invalid argument
4 error     at new Socket (net.js:156:18)
4 error     at process.stdin (node.js:664:19)
4 error     at read (C:\Program Files\nodejs\node_modules\npm\node_modules\read\lib\read.js:18:36)
4 error     at PromZard.prompt (C:\Program Files\nodejs\node_modules\npm\node_modules\init-package-json\node_modules\promzard\promzard.js:214:3)
4 error     at PromZard.L (C:\Program Files\nodejs\node_modules\npm\node_modules\init-package-json\node_modules\promzard\promzard.js:177:21)
4 error     at PromZard.walk (C:\Program Files\nodejs\node_modules\npm\node_modules\init-package-json\node_modules\promzard\promzard.js:146:5)
4 error     at PromZard.loaded (C:\Program Files\nodejs\node_modules\npm\node_modules\init-package-json\node_modules\promzard\promzard.js:90:8)
4 error     at PromZard.<anonymous> (C:\Program Files\nodejs\node_modules\npm\node_modules\init-package-json\node_modules\promzard\promzard.js:57:10)
4 error     at fs.js:271:14
4 error     at Object.oncomplete (fs.js:107:15)
5 error If you need help, you may report this *entire* log,
5 error including the npm and node versions, at:
5 error     <http://github.com/npm/npm/issues>
6 error System Windows_NT 6.2.9200
7 error command "C:\\Program Files\\nodejs\\node.exe" "C:\\Program Files\\nodejs\\node_modules\\npm\\bin\\npm-cli.js" "init"
8 error cwd C:\Users\Rushil\CodingForACauseSocialHackathon
9 error node -v v0.10.32
10 error npm -v 1.4.28
11 error syscall uv_pipe_open
12 error code EINVAL
13 error errno 18
14 verbose exit [ 18, true ]
